10.20.64.1: port  0 : internal   UP         1c01u17cn3 0000:3b:00.0
port  1 : internal   UP         1c01u17cn3 0000:3b:00.0
port  2 : internal   UP         1c01u17cn3 0000:3b:00.0
port  3 : internal   UP         1c01u17cn3 0000:3b:00.0
port  4 : internal   UP         1c01u17cn3 0000:3b:00.0
port  5 : external   NA         1c01u17cn3 0000:3b:00.0
port  6 : internal   UP         1c01u17cn3 0000:3b:00.0
port  7 : internal   UP         1c01u17cn3 0000:3b:00.0
port  8 : external   NA         1c01u17cn3 0000:3b:00.0
port  9 : external   NA         1c01u17cn3 0000:3b:00.0
port 10 : internal   UP         1c01u17cn3 0000:3b:00.0
port 11 : internal   DOWN       1c01u17cn3 0000:3b:00.0
port 12 : internal   DOWN       1c01u17cn3 0000:3b:00.0
port 13 : internal   DOWN       1c01u17cn3 0000:3b:00.0
port 14 : internal   UP         1c01u17cn3 0000:3b:00.0
port 15 : internal   UP         1c01u17cn3 0000:3b:00.0
port 16 : internal   UP         1c01u17cn3 0000:3b:00.0
port 17 : internal   UP         1c01u17cn3 0000:3b:00.0
port 18 : internal   UP         1c01u17cn3 0000:3b:00.0
port 19 : internal   UP         1c01u17cn3 0000:3b:00.0
port 20 : internal   UP         1c01u17cn3 0000:3b:00.0
port 21 : internal   UP         1c01u17cn3 0000:3b:00.0
port 22 : internal   UP         1c01u17cn3 0000:3b:00.0
port 23 : internal   UP         1c01u17cn3 0000:3b:00.0
port  0 : internal   UP         1c01u17cn3 0000:4c:00.0
port  1 : internal   UP         1c01u17cn3 0000:4c:00.0
port  2 : internal   UP         1c01u17cn3 0000:4c:00.0
port  3 : internal   UP         1c01u17cn3 0000:4c:00.0
port  4 : internal   DOWN       1c01u17cn3 0000:4c:00.0
port  5 : internal   DOWN       1c01u17cn3 0000:4c:00.0
port  6 : internal   UP         1c01u17cn3 0000:4c:00.0
port  7 : internal   UP         1c01u17cn3 0000:4c:00.0
port  8 : internal   UP         1c01u17cn3 0000:4c:00.0
port  9 : internal   UP         1c01u17cn3 0000:4c:00.0
port 10 : internal   UP         1c01u17cn3 0000:4c:00.0
port 11 : internal   UP         1c01u17cn3 0000:4c:00.0
port 12 : internal   UP         1c01u17cn3 0000:4c:00.0
port 13 : internal   UP         1c01u17cn3 0000:4c:00.0
port 14 : internal   UP         1c01u17cn3 0000:4c:00.0
port 15 : internal   UP         1c01u17cn3 0000:4c:00.0
port 16 : internal   UP         1c01u17cn3 0000:4c:00.0
port 17 : external   NA         1c01u17cn3 0000:4c:00.0
port 18 : internal   UP         1c01u17cn3 0000:4c:00.0
port 19 : internal   UP         1c01u17cn3 0000:4c:00.0
port 20 : external   NA         1c01u17cn3 0000:4c:00.0
port 21 : external   NA         1c01u17cn3 0000:4c:00.0
port 22 : internal   DOWN       1c01u17cn3 0000:4c:00.0
port 23 : internal   UP         1c01u17cn3 0000:4c:00.0
port  0 : internal   UP         1c01u17cn3 0000:5d:00.0
port  1 : internal   UP         1c01u17cn3 0000:5d:00.0
port  2 : internal   UP         1c01u17cn3 0000:5d:00.0
port  3 : internal   UP         1c01u17cn3 0000:5d:00.0
port  4 : internal   UP         1c01u17cn3 0000:5d:00.0
port  5 : external   NA         1c01u17cn3 0000:5d:00.0
port  6 : internal   UP         1c01u17cn3 0000:5d:00.0
port  7 : internal   DOWN       1c01u17cn3 0000:5d:00.0
port  8 : external   NA         1c01u17cn3 0000:5d:00.0
port  9 : external   NA         1c01u17cn3 0000:5d:00.0
port 10 : internal   UP         1c01u17cn3 0000:5d:00.0
port 11 : internal   UP         1c01u17cn3 0000:5d:00.0
port 12 : internal   DOWN       1c01u17cn3 0000:5d:00.0
port 13 : internal   DOWN       1c01u17cn3 0000:5d:00.0
port 14 : internal   UP         1c01u17cn3 0000:5d:00.0
port 15 : internal   UP         1c01u17cn3 0000:5d:00.0
port 16 : internal   UP         1c01u17cn3 0000:5d:00.0
port 17 : internal   UP         1c01u17cn3 0000:5d:00.0
port 18 : internal   UP         1c01u17cn3 0000:5d:00.0
port 19 : internal   UP         1c01u17cn3 0000:5d:00.0
port 20 : internal   UP         1c01u17cn3 0000:5d:00.0
port 21 : internal   UP         1c01u17cn3 0000:5d:00.0
port 22 : internal   UP         1c01u17cn3 0000:5d:00.0
port 23 : internal   UP         1c01u17cn3 0000:5d:00.0
port  0 : internal   UP         1c01u17cn3 0000:9b:00.0
port  1 : internal   UP         1c01u17cn3 0000:9b:00.0
port  2 : external   NA         1c01u17cn3 0000:9b:00.0
port  3 : external   NA         1c01u17cn3 0000:9b:00.0
port  4 : internal   DOWN       1c01u17cn3 0000:9b:00.0
port  5 : internal   UP         1c01u17cn3 0000:9b:00.0
port  6 : internal   UP         1c01u17cn3 0000:9b:00.0
port  7 : external   NA         1c01u17cn3 0000:9b:00.0
port  8 : internal   UP         1c01u17cn3 0000:9b:00.0
port  9 : internal   UP         1c01u17cn3 0000:9b:00.0
port 10 : internal   UP         1c01u17cn3 0000:9b:00.0
port 11 : internal   UP         1c01u17cn3 0000:9b:00.0
port 12 : internal   DOWN       1c01u17cn3 0000:9b:00.0
port 13 : internal   DOWN       1c01u17cn3 0000:9b:00.0
port 14 : internal   UP         1c01u17cn3 0000:9b:00.0
port 15 : internal   UP         1c01u17cn3 0000:9b:00.0
port 16 : internal   UP         1c01u17cn3 0000:9b:00.0
port 17 : internal   UP         1c01u17cn3 0000:9b:00.0
port 18 : internal   UP         1c01u17cn3 0000:9b:00.0
port 19 : internal   UP         1c01u17cn3 0000:9b:00.0
port 20 : internal   UP         1c01u17cn3 0000:9b:00.0
port 21 : internal   UP         1c01u17cn3 0000:9b:00.0
port 22 : internal   UP         1c01u17cn3 0000:9b:00.0
port 23 : internal   UP         1c01u17cn3 0000:9b:00.0
port  0 : internal   DOWN       1c01u17cn3 0000:bb:00.0
port  1 : internal   DOWN       1c01u17cn3 0000:bb:00.0
port  2 : internal   UP         1c01u17cn3 0000:bb:00.0
port  3 : internal   UP         1c01u17cn3 0000:bb:00.0
port  4 : internal   UP         1c01u17cn3 0000:bb:00.0
port  5 : internal   UP         1c01u17cn3 0000:bb:00.0
port  6 : internal   UP         1c01u17cn3 0000:bb:00.0
port  7 : internal   UP         1c01u17cn3 0000:bb:00.0
port  8 : internal   UP         1c01u17cn3 0000:bb:00.0
port  9 : internal   UP         1c01u17cn3 0000:bb:00.0
port 10 : internal   UP         1c01u17cn3 0000:bb:00.0
port 11 : internal   UP         1c01u17cn3 0000:bb:00.0
port 12 : internal   UP         1c01u17cn3 0000:bb:00.0
port 13 : internal   UP         1c01u17cn3 0000:bb:00.0
port 14 : external   NA         1c01u17cn3 0000:bb:00.0
port 15 : external   NA         1c01u17cn3 0000:bb:00.0
port 16 : internal   UP         1c01u17cn3 0000:bb:00.0
port 17 : internal   DOWN       1c01u17cn3 0000:bb:00.0
port 18 : internal   UP         1c01u17cn3 0000:bb:00.0
port 19 : external   NA         1c01u17cn3 0000:bb:00.0
port 20 : internal   UP         1c01u17cn3 0000:bb:00.0
port 21 : internal   UP         1c01u17cn3 0000:bb:00.0
port 22 : internal   UP         1c01u17cn3 0000:bb:00.0
port 23 : internal   UP         1c01u17cn3 0000:bb:00.0
port  0 : internal   UP         1c01u17cn3 0000:cb:00.0
port  1 : internal   UP         1c01u17cn3 0000:cb:00.0
port  2 : external   NA         1c01u17cn3 0000:cb:00.0
port  3 : external   NA         1c01u17cn3 0000:cb:00.0
port  4 : internal   UP         1c01u17cn3 0000:cb:00.0
port  5 : internal   UP         1c01u17cn3 0000:cb:00.0
port  6 : internal   UP         1c01u17cn3 0000:cb:00.0
port  7 : external   NA         1c01u17cn3 0000:cb:00.0
port  8 : internal   DOWN       1c01u17cn3 0000:cb:00.0
port  9 : internal   UP         1c01u17cn3 0000:cb:00.0
port 10 : internal   UP         1c01u17cn3 0000:cb:00.0
port 11 : internal   UP         1c01u17cn3 0000:cb:00.0
port 12 : internal   DOWN       1c01u17cn3 0000:cb:00.0
port 13 : internal   DOWN       1c01u17cn3 0000:cb:00.0
port 14 : internal   UP         1c01u17cn3 0000:cb:00.0
port 15 : internal   UP         1c01u17cn3 0000:cb:00.0
port 16 : internal   UP         1c01u17cn3 0000:cb:00.0
port 17 : internal   UP         1c01u17cn3 0000:cb:00.0
port 18 : internal   UP         1c01u17cn3 0000:cb:00.0
port 19 : internal   UP         1c01u17cn3 0000:cb:00.0
port 20 : internal   UP         1c01u17cn3 0000:cb:00.0
port 21 : internal   UP         1c01u17cn3 0000:cb:00.0
port 22 : internal   UP         1c01u17cn3 0000:cb:00.0
port 23 : internal   UP         1c01u17cn3 0000:cb:00.0
port  0 : internal   DOWN       1c01u17cn3 0000:db:00.0
port  1 : internal   DOWN       1c01u17cn3 0000:db:00.0
port  2 : internal   UP         1c01u17cn3 0000:db:00.0
port  3 : internal   UP         1c01u17cn3 0000:db:00.0
port  4 : internal   UP         1c01u17cn3 0000:db:00.0
port  5 : internal   UP         1c01u17cn3 0000:db:00.0
port  6 : internal   UP         1c01u17cn3 0000:db:00.0
port  7 : internal   UP         1c01u17cn3 0000:db:00.0
port  8 : internal   UP         1c01u17cn3 0000:db:00.0
port  9 : internal   UP         1c01u17cn3 0000:db:00.0
port 10 : internal   UP         1c01u17cn3 0000:db:00.0
port 11 : internal   UP         1c01u17cn3 0000:db:00.0
port 12 : internal   UP         1c01u17cn3 0000:db:00.0
port 13 : internal   UP         1c01u17cn3 0000:db:00.0
port 14 : external   NA         1c01u17cn3 0000:db:00.0
port 15 : external   NA         1c01u17cn3 0000:db:00.0
port 16 : internal   UP         1c01u17cn3 0000:db:00.0
port 17 : internal   UP         1c01u17cn3 0000:db:00.0
port 18 : internal   DOWN       1c01u17cn3 0000:db:00.0
port 19 : external   NA         1c01u17cn3 0000:db:00.0
port 20 : internal   UP         1c01u17cn3 0000:db:00.0
port 21 : internal   UP         1c01u17cn3 0000:db:00.0
port 22 : internal   UP         1c01u17cn3 0000:db:00.0
port 23 : internal   UP         1c01u17cn3 0000:db:00.0
1c01u17cn3: 
10.20.70.1: port  0 : internal   UP         1c04u17cn3 0000:19:00.0
port  1 : internal   UP         1c04u17cn3 0000:19:00.0
port  2 : internal   UP         1c04u17cn3 0000:19:00.0
port  3 : internal   UP         1c04u17cn3 0000:19:00.0
port  4 : internal   UP         1c04u17cn3 0000:19:00.0
port  5 : internal   UP         1c04u17cn3 0000:19:00.0
port  6 : internal   UP         1c04u17cn3 0000:19:00.0
port  7 : internal   UP         1c04u17cn3 0000:19:00.0
port  8 : internal   UP         1c04u17cn3 0000:19:00.0
port  9 : internal   UP         1c04u17cn3 0000:19:00.0
port 10 : internal   UP         1c04u17cn3 0000:19:00.0
port 11 : internal   UP         1c04u17cn3 0000:19:00.0
port 12 : internal   UP         1c04u17cn3 0000:19:00.0
port 13 : internal   UP         1c04u17cn3 0000:19:00.0
port 14 : internal   UP         1c04u17cn3 0000:19:00.0
port 15 : internal   UP         1c04u17cn3 0000:19:00.0
port 16 : internal   UP         1c04u17cn3 0000:19:00.0
port 17 : external   NA         1c04u17cn3 0000:19:00.0
port 18 : internal   UP         1c04u17cn3 0000:19:00.0
port 19 : internal   UP         1c04u17cn3 0000:19:00.0
port 20 : external   NA         1c04u17cn3 0000:19:00.0
port 21 : external   NA         1c04u17cn3 0000:19:00.0
port 22 : internal   UP         1c04u17cn3 0000:19:00.0
port 23 : internal   UP         1c04u17cn3 0000:19:00.0
port  0 : internal   UP         1c04u17cn3 0000:3b:00.0
port  1 : internal   UP         1c04u17cn3 0000:3b:00.0
port  2 : internal   UP         1c04u17cn3 0000:3b:00.0
port  3 : internal   UP         1c04u17cn3 0000:3b:00.0
port  4 : internal   UP         1c04u17cn3 0000:3b:00.0
port  5 : external   NA         1c04u17cn3 0000:3b:00.0
port  6 : internal   UP         1c04u17cn3 0000:3b:00.0
port  7 : internal   UP         1c04u17cn3 0000:3b:00.0
port  8 : external   NA         1c04u17cn3 0000:3b:00.0
port  9 : external   NA         1c04u17cn3 0000:3b:00.0
port 10 : internal   UP         1c04u17cn3 0000:3b:00.0
port 11 : internal   UP         1c04u17cn3 0000:3b:00.0
port 12 : internal   UP         1c04u17cn3 0000:3b:00.0
port 13 : internal   UP         1c04u17cn3 0000:3b:00.0
port 14 : internal   UP         1c04u17cn3 0000:3b:00.0
port 15 : internal   UP         1c04u17cn3 0000:3b:00.0
port 16 : internal   UP         1c04u17cn3 0000:3b:00.0
port 17 : internal   UP         1c04u17cn3 0000:3b:00.0
port 18 : internal   UP         1c04u17cn3 0000:3b:00.0
port 19 : internal   UP         1c04u17cn3 0000:3b:00.0
port 20 : internal   UP         1c04u17cn3 0000:3b:00.0
port 21 : internal   UP         1c04u17cn3 0000:3b:00.0
port 22 : internal   UP         1c04u17cn3 0000:3b:00.0
port 23 : internal   UP         1c04u17cn3 0000:3b:00.0
port  0 : internal   UP         1c04u17cn3 0000:4c:00.0
port  1 : internal   UP         1c04u17cn3 0000:4c:00.0
port  2 : internal   UP         1c04u17cn3 0000:4c:00.0
port  3 : internal   UP         1c04u17cn3 0000:4c:00.0
port  4 : internal   UP         1c04u17cn3 0000:4c:00.0
port  5 : internal   UP         1c04u17cn3 0000:4c:00.0
port  6 : internal   UP         1c04u17cn3 0000:4c:00.0
port  7 : internal   UP         1c04u17cn3 0000:4c:00.0
port  8 : internal   UP         1c04u17cn3 0000:4c:00.0
port  9 : internal   UP         1c04u17cn3 0000:4c:00.0
port 10 : internal   UP         1c04u17cn3 0000:4c:00.0
port 11 : internal   UP         1c04u17cn3 0000:4c:00.0
port 12 : internal   UP         1c04u17cn3 0000:4c:00.0
port 13 : internal   UP         1c04u17cn3 0000:4c:00.0
port 14 : internal   UP         1c04u17cn3 0000:4c:00.0
port 15 : internal   UP         1c04u17cn3 0000:4c:00.0
port 16 : internal   UP         1c04u17cn3 0000:4c:00.0
port 17 : external   NA         1c04u17cn3 0000:4c:00.0
port 18 : internal   UP         1c04u17cn3 0000:4c:00.0
port 19 : internal   UP         1c04u17cn3 0000:4c:00.0
port 20 : external   NA         1c04u17cn3 0000:4c:00.0
port 21 : external   NA         1c04u17cn3 0000:4c:00.0
port 22 : internal   UP         1c04u17cn3 0000:4c:00.0
port 23 : internal   UP         1c04u17cn3 0000:4c:00.0
port  0 : internal   UP         1c04u17cn3 0000:5d:00.0
port  1 : internal   UP         1c04u17cn3 0000:5d:00.0
port  2 : internal   UP         1c04u17cn3 0000:5d:00.0
port  3 : internal   UP         1c04u17cn3 0000:5d:00.0
port  4 : internal   UP         1c04u17cn3 0000:5d:00.0
port  5 : external   NA         1c04u17cn3 0000:5d:00.0
port  6 : internal   UP         1c04u17cn3 0000:5d:00.0
port  7 : internal   UP         1c04u17cn3 0000:5d:00.0
port  8 : external   NA         1c04u17cn3 0000:5d:00.0
port  9 : external   NA         1c04u17cn3 0000:5d:00.0
port 10 : internal   UP         1c04u17cn3 0000:5d:00.0
port 11 : internal   UP         1c04u17cn3 0000:5d:00.0
port 12 : internal   UP         1c04u17cn3 0000:5d:00.0
port 13 : internal   UP         1c04u17cn3 0000:5d:00.0
port 14 : internal   UP         1c04u17cn3 0000:5d:00.0
port 15 : internal   UP         1c04u17cn3 0000:5d:00.0
port 16 : internal   UP         1c04u17cn3 0000:5d:00.0
port 17 : internal   UP         1c04u17cn3 0000:5d:00.0
port 18 : internal   UP         1c04u17cn3 0000:5d:00.0
port 19 : internal   UP         1c04u17cn3 0000:5d:00.0
port 20 : internal   UP         1c04u17cn3 0000:5d:00.0
port 21 : internal   UP         1c04u17cn3 0000:5d:00.0
port 22 : internal   UP         1c04u17cn3 0000:5d:00.0
port 23 : internal   UP         1c04u17cn3 0000:5d:00.0
port  0 : internal   UP         1c04u17cn3 0000:9b:00.0
port  1 : internal   UP         1c04u17cn3 0000:9b:00.0
port  2 : external   NA         1c04u17cn3 0000:9b:00.0
port  3 : external   NA         1c04u17cn3 0000:9b:00.0
port  4 : internal   UP         1c04u17cn3 0000:9b:00.0
port  5 : internal   UP         1c04u17cn3 0000:9b:00.0
port  6 : internal   UP         1c04u17cn3 0000:9b:00.0
port  7 : external   NA         1c04u17cn3 0000:9b:00.0
port  8 : internal   UP         1c04u17cn3 0000:9b:00.0
port  9 : internal   UP         1c04u17cn3 0000:9b:00.0
port 10 : internal   UP         1c04u17cn3 0000:9b:00.0
port 11 : internal   UP         1c04u17cn3 0000:9b:00.0
port 12 : internal   UP         1c04u17cn3 0000:9b:00.0
port 13 : internal   UP         1c04u17cn3 0000:9b:00.0
port 14 : internal   UP         1c04u17cn3 0000:9b:00.0
port 15 : internal   UP         1c04u17cn3 0000:9b:00.0
port 16 : internal   UP         1c04u17cn3 0000:9b:00.0
port 17 : internal   UP         1c04u17cn3 0000:9b:00.0
port 18 : internal   UP         1c04u17cn3 0000:9b:00.0
port 19 : internal   UP         1c04u17cn3 0000:9b:00.0
port 20 : internal   UP         1c04u17cn3 0000:9b:00.0
port 21 : internal   UP         1c04u17cn3 0000:9b:00.0
port 22 : internal   UP         1c04u17cn3 0000:9b:00.0
port 23 : internal   UP         1c04u17cn3 0000:9b:00.0
port  0 : internal   UP         1c04u17cn3 0000:bb:00.0
port  1 : internal   UP         1c04u17cn3 0000:bb:00.0
port  2 : internal   UP         1c04u17cn3 0000:bb:00.0
port  3 : internal   UP         1c04u17cn3 0000:bb:00.0
port  4 : internal   UP         1c04u17cn3 0000:bb:00.0
port  5 : internal   UP         1c04u17cn3 0000:bb:00.0
port  6 : internal   UP         1c04u17cn3 0000:bb:00.0
port  7 : internal   UP         1c04u17cn3 0000:bb:00.0
port  8 : internal   UP         1c04u17cn3 0000:bb:00.0
port  9 : internal   UP         1c04u17cn3 0000:bb:00.0
port 10 : internal   UP         1c04u17cn3 0000:bb:00.0
port 11 : internal   UP         1c04u17cn3 0000:bb:00.0
port 12 : internal   UP         1c04u17cn3 0000:bb:00.0
port 13 : internal   UP         1c04u17cn3 0000:bb:00.0
port 14 : external   NA         1c04u17cn3 0000:bb:00.0
port 15 : external   NA         1c04u17cn3 0000:bb:00.0
port 16 : internal   UP         1c04u17cn3 0000:bb:00.0
port 17 : internal   UP         1c04u17cn3 0000:bb:00.0
port 18 : internal   UP         1c04u17cn3 0000:bb:00.0
port 19 : external   NA         1c04u17cn3 0000:bb:00.0
port 20 : internal   UP         1c04u17cn3 0000:bb:00.0
port 21 : internal   UP         1c04u17cn3 0000:bb:00.0
port 22 : internal   UP         1c04u17cn3 0000:bb:00.0
port 23 : internal   UP         1c04u17cn3 0000:bb:00.0
port  0 : internal   UP         1c04u17cn3 0000:cb:00.0
port  1 : internal   UP         1c04u17cn3 0000:cb:00.0
port  2 : external   NA         1c04u17cn3 0000:cb:00.0
port  3 : external   NA         1c04u17cn3 0000:cb:00.0
port  4 : internal   UP         1c04u17cn3 0000:cb:00.0
port  5 : internal   UP         1c04u17cn3 0000:cb:00.0
port  6 : internal   UP         1c04u17cn3 0000:cb:00.0
port  7 : external   NA         1c04u17cn3 0000:cb:00.0
port  8 : internal   UP         1c04u17cn3 0000:cb:00.0
port  9 : internal   UP         1c04u17cn3 0000:cb:00.0
port 10 : internal   UP         1c04u17cn3 0000:cb:00.0
port 11 : internal   UP         1c04u17cn3 0000:cb:00.0
port 12 : internal   UP         1c04u17cn3 0000:cb:00.0
port 13 : internal   UP         1c04u17cn3 0000:cb:00.0
port 14 : internal   UP         1c04u17cn3 0000:cb:00.0
port 15 : internal   UP         1c04u17cn3 0000:cb:00.0
port 16 : internal   UP         1c04u17cn3 0000:cb:00.0
port 17 : internal   UP         1c04u17cn3 0000:cb:00.0
port 18 : internal   UP         1c04u17cn3 0000:cb:00.0
port 19 : internal   UP         1c04u17cn3 0000:cb:00.0
port 20 : internal   UP         1c04u17cn3 0000:cb:00.0
port 21 : internal   UP         1c04u17cn3 0000:cb:00.0
port 22 : internal   UP         1c04u17cn3 0000:cb:00.0
port 23 : internal   UP         1c04u17cn3 0000:cb:00.0
port  0 : internal   UP         1c04u17cn3 0000:db:00.0
port  1 : internal   UP         1c04u17cn3 0000:db:00.0
port  2 : internal   UP         1c04u17cn3 0000:db:00.0
port  3 : internal   UP         1c04u17cn3 0000:db:00.0
port  4 : internal   UP         1c04u17cn3 0000:db:00.0
port  5 : internal   UP         1c04u17cn3 0000:db:00.0
port  6 : internal   UP         1c04u17cn3 0000:db:00.0
port  7 : internal   UP         1c04u17cn3 0000:db:00.0
port  8 : internal   UP         1c04u17cn3 0000:db:00.0
port  9 : internal   UP         1c04u17cn3 0000:db:00.0
port 10 : internal   UP         1c04u17cn3 0000:db:00.0
port 11 : internal   UP         1c04u17cn3 0000:db:00.0
port 12 : internal   UP         1c04u17cn3 0000:db:00.0
port 13 : internal   UP         1c04u17cn3 0000:db:00.0
port 14 : external   NA         1c04u17cn3 0000:db:00.0
port 15 : external   NA         1c04u17cn3 0000:db:00.0
port 16 : internal   UP         1c04u17cn3 0000:db:00.0
port 17 : internal   UP         1c04u17cn3 0000:db:00.0
port 18 : internal   UP         1c04u17cn3 0000:db:00.0
port 19 : external   NA         1c04u17cn3 0000:db:00.0
port 20 : internal   UP         1c04u17cn3 0000:db:00.0
port 21 : internal   UP         1c04u17cn3 0000:db:00.0
port 22 : internal   UP         1c04u17cn3 0000:db:00.0
port 23 : internal   UP         1c04u17cn3 0000:db:00.0
1c04u17cn3: 
10.20.74.1: port  0 : internal   UP         1c06u17cn3.cluster.bar3.scaleops.intel.com 0000:19:00.0
port  1 : internal   UP         1c06u17cn3.cluster.bar3.scaleops.intel.com 0000:19:00.0
port  2 : internal   UP         1c06u17cn3.cluster.bar3.scaleops.intel.com 0000:19:00.0
port  3 : internal   UP         1c06u17cn3.cluster.bar3.scaleops.intel.com 0000:19:00.0
port  4 : internal   UP         1c06u17cn3.cluster.bar3.scaleops.intel.com 0000:19:00.0
port  5 : internal   UP         1c06u17cn3.cluster.bar3.scaleops.intel.com 0000:19:00.0
port  6 : internal   UP         1c06u17cn3.cluster.bar3.scaleops.intel.com 0000:19:00.0
port  7 : internal   UP         1c06u17cn3.cluster.bar3.scaleops.intel.com 0000:19:00.0
port  8 : internal   UP         1c06u17cn3.cluster.bar3.scaleops.intel.com 0000:19:00.0
port  9 : internal   UP         1c06u17cn3.cluster.bar3.scaleops.intel.com 0000:19:00.0
port 10 : internal   UP         1c06u17cn3.cluster.bar3.scaleops.intel.com 0000:19:00.0
port 11 : internal   UP         1c06u17cn3.cluster.bar3.scaleops.intel.com 0000:19:00.0
port 12 : internal   UP         1c06u17cn3.cluster.bar3.scaleops.intel.com 0000:19:00.0
port 13 : internal   UP         1c06u17cn3.cluster.bar3.scaleops.intel.com 0000:19:00.0
port 14 : internal   UP         1c06u17cn3.cluster.bar3.scaleops.intel.com 0000:19:00.0
port 15 : internal   UP         1c06u17cn3.cluster.bar3.scaleops.intel.com 0000:19:00.0
port 16 : internal   UP         1c06u17cn3.cluster.bar3.scaleops.intel.com 0000:19:00.0
port 17 : external   NA         1c06u17cn3.cluster.bar3.scaleops.intel.com 0000:19:00.0
port 18 : internal   UP         1c06u17cn3.cluster.bar3.scaleops.intel.com 0000:19:00.0
port 19 : internal   UP         1c06u17cn3.cluster.bar3.scaleops.intel.com 0000:19:00.0
port 20 : external   NA         1c06u17cn3.cluster.bar3.scaleops.intel.com 0000:19:00.0
port 21 : external   NA         1c06u17cn3.cluster.bar3.scaleops.intel.com 0000:19:00.0
port 22 : internal   UP         1c06u17cn3.cluster.bar3.scaleops.intel.com 0000:19:00.0
port 23 : internal   UP         1c06u17cn3.cluster.bar3.scaleops.intel.com 0000:19:00.0
port  0 : internal   UP         1c06u17cn3.cluster.bar3.scaleops.intel.com 0000:3b:00.0
port  1 : internal   UP         1c06u17cn3.cluster.bar3.scaleops.intel.com 0000:3b:00.0
port  2 : internal   UP         1c06u17cn3.cluster.bar3.scaleops.intel.com 0000:3b:00.0
port  3 : internal   UP         1c06u17cn3.cluster.bar3.scaleops.intel.com 0000:3b:00.0
port  4 : internal   UP         1c06u17cn3.cluster.bar3.scaleops.intel.com 0000:3b:00.0
port  5 : external   NA         1c06u17cn3.cluster.bar3.scaleops.intel.com 0000:3b:00.0
port  6 : internal   UP         1c06u17cn3.cluster.bar3.scaleops.intel.com 0000:3b:00.0
port  7 : internal   UP         1c06u17cn3.cluster.bar3.scaleops.intel.com 0000:3b:00.0
port  8 : external   NA         1c06u17cn3.cluster.bar3.scaleops.intel.com 0000:3b:00.0
port  9 : external   NA         1c06u17cn3.cluster.bar3.scaleops.intel.com 0000:3b:00.0
port 10 : internal   UP         1c06u17cn3.cluster.bar3.scaleops.intel.com 0000:3b:00.0
port 11 : internal   UP         1c06u17cn3.cluster.bar3.scaleops.intel.com 0000:3b:00.0
port 12 : internal   UP         1c06u17cn3.cluster.bar3.scaleops.intel.com 0000:3b:00.0
port 13 : internal   UP         1c06u17cn3.cluster.bar3.scaleops.intel.com 0000:3b:00.0
port 14 : internal   UP         1c06u17cn3.cluster.bar3.scaleops.intel.com 0000:3b:00.0
port 15 : internal   UP         1c06u17cn3.cluster.bar3.scaleops.intel.com 0000:3b:00.0
port 16 : internal   UP         1c06u17cn3.cluster.bar3.scaleops.intel.com 0000:3b:00.0
port 17 : internal   UP         1c06u17cn3.cluster.bar3.scaleops.intel.com 0000:3b:00.0
port 18 : internal   UP         1c06u17cn3.cluster.bar3.scaleops.intel.com 0000:3b:00.0
port 19 : internal   UP         1c06u17cn3.cluster.bar3.scaleops.intel.com 0000:3b:00.0
port 20 : internal   UP         1c06u17cn3.cluster.bar3.scaleops.intel.com 0000:3b:00.0
port 21 : internal   UP         1c06u17cn3.cluster.bar3.scaleops.intel.com 0000:3b:00.0
port 22 : internal   UP         1c06u17cn3.cluster.bar3.scaleops.intel.com 0000:3b:00.0
port 23 : internal   UP         1c06u17cn3.cluster.bar3.scaleops.intel.com 0000:3b:00.0
port  0 : internal   UP         1c06u17cn3.cluster.bar3.scaleops.intel.com 0000:4c:00.0
port  1 : internal   UP         1c06u17cn3.cluster.bar3.scaleops.intel.com 0000:4c:00.0
port  2 : internal   UP         1c06u17cn3.cluster.bar3.scaleops.intel.com 0000:4c:00.0
port  3 : internal   UP         1c06u17cn3.cluster.bar3.scaleops.intel.com 0000:4c:00.0
port  4 : internal   UP         1c06u17cn3.cluster.bar3.scaleops.intel.com 0000:4c:00.0
port  5 : internal   UP         1c06u17cn3.cluster.bar3.scaleops.intel.com 0000:4c:00.0
port  6 : internal   UP         1c06u17cn3.cluster.bar3.scaleops.intel.com 0000:4c:00.0
port  7 : internal   UP         1c06u17cn3.cluster.bar3.scaleops.intel.com 0000:4c:00.0
port  8 : internal   UP         1c06u17cn3.cluster.bar3.scaleops.intel.com 0000:4c:00.0
port  9 : internal   UP         1c06u17cn3.cluster.bar3.scaleops.intel.com 0000:4c:00.0
port 10 : internal   UP         1c06u17cn3.cluster.bar3.scaleops.intel.com 0000:4c:00.0
port 11 : internal   UP         1c06u17cn3.cluster.bar3.scaleops.intel.com 0000:4c:00.0
port 12 : internal   UP         1c06u17cn3.cluster.bar3.scaleops.intel.com 0000:4c:00.0
port 13 : internal   UP         1c06u17cn3.cluster.bar3.scaleops.intel.com 0000:4c:00.0
port 14 : internal   UP         1c06u17cn3.cluster.bar3.scaleops.intel.com 0000:4c:00.0
port 15 : internal   UP         1c06u17cn3.cluster.bar3.scaleops.intel.com 0000:4c:00.0
port 16 : internal   UP         1c06u17cn3.cluster.bar3.scaleops.intel.com 0000:4c:00.0
port 17 : external   NA         1c06u17cn3.cluster.bar3.scaleops.intel.com 0000:4c:00.0
port 18 : internal   UP         1c06u17cn3.cluster.bar3.scaleops.intel.com 0000:4c:00.0
port 19 : internal   UP         1c06u17cn3.cluster.bar3.scaleops.intel.com 0000:4c:00.0
port 20 : external   NA         1c06u17cn3.cluster.bar3.scaleops.intel.com 0000:4c:00.0
port 21 : external   NA         1c06u17cn3.cluster.bar3.scaleops.intel.com 0000:4c:00.0
port 22 : internal   UP         1c06u17cn3.cluster.bar3.scaleops.intel.com 0000:4c:00.0
port 23 : internal   UP         1c06u17cn3.cluster.bar3.scaleops.intel.com 0000:4c:00.0
port  0 : internal   UP         1c06u17cn3.cluster.bar3.scaleops.intel.com 0000:5d:00.0
port  1 : internal   UP         1c06u17cn3.cluster.bar3.scaleops.intel.com 0000:5d:00.0
port  2 : internal   UP         1c06u17cn3.cluster.bar3.scaleops.intel.com 0000:5d:00.0
port  3 : internal   UP         1c06u17cn3.cluster.bar3.scaleops.intel.com 0000:5d:00.0
port  4 : internal   UP         1c06u17cn3.cluster.bar3.scaleops.intel.com 0000:5d:00.0
port  5 : external   NA         1c06u17cn3.cluster.bar3.scaleops.intel.com 0000:5d:00.0
port  6 : internal   UP         1c06u17cn3.cluster.bar3.scaleops.intel.com 0000:5d:00.0
port  7 : internal   UP         1c06u17cn3.cluster.bar3.scaleops.intel.com 0000:5d:00.0
port  8 : external   NA         1c06u17cn3.cluster.bar3.scaleops.intel.com 0000:5d:00.0
port  9 : external   NA         1c06u17cn3.cluster.bar3.scaleops.intel.com 0000:5d:00.0
port 10 : internal   UP         1c06u17cn3.cluster.bar3.scaleops.intel.com 0000:5d:00.0
port 11 : internal   UP         1c06u17cn3.cluster.bar3.scaleops.intel.com 0000:5d:00.0
port 12 : internal   UP         1c06u17cn3.cluster.bar3.scaleops.intel.com 0000:5d:00.0
port 13 : internal   UP         1c06u17cn3.cluster.bar3.scaleops.intel.com 0000:5d:00.0
port 14 : internal   UP         1c06u17cn3.cluster.bar3.scaleops.intel.com 0000:5d:00.0
port 15 : internal   UP         1c06u17cn3.cluster.bar3.scaleops.intel.com 0000:5d:00.0
port 16 : internal   UP         1c06u17cn3.cluster.bar3.scaleops.intel.com 0000:5d:00.0
port 17 : internal   UP         1c06u17cn3.cluster.bar3.scaleops.intel.com 0000:5d:00.0
port 18 : internal   UP         1c06u17cn3.cluster.bar3.scaleops.intel.com 0000:5d:00.0
port 19 : internal   UP         1c06u17cn3.cluster.bar3.scaleops.intel.com 0000:5d:00.0
port 20 : internal   UP         1c06u17cn3.cluster.bar3.scaleops.intel.com 0000:5d:00.0
port 21 : internal   UP         1c06u17cn3.cluster.bar3.scaleops.intel.com 0000:5d:00.0
port 22 : internal   UP         1c06u17cn3.cluster.bar3.scaleops.intel.com 0000:5d:00.0
port 23 : internal   UP         1c06u17cn3.cluster.bar3.scaleops.intel.com 0000:5d:00.0
port  0 : internal   UP         1c06u17cn3.cluster.bar3.scaleops.intel.com 0000:9b:00.0
port  1 : internal   UP         1c06u17cn3.cluster.bar3.scaleops.intel.com 0000:9b:00.0
port  2 : external   NA         1c06u17cn3.cluster.bar3.scaleops.intel.com 0000:9b:00.0
port  3 : external   NA         1c06u17cn3.cluster.bar3.scaleops.intel.com 0000:9b:00.0
port  4 : internal   UP         1c06u17cn3.cluster.bar3.scaleops.intel.com 0000:9b:00.0
port  5 : internal   UP         1c06u17cn3.cluster.bar3.scaleops.intel.com 0000:9b:00.0
port  6 : internal   UP         1c06u17cn3.cluster.bar3.scaleops.intel.com 0000:9b:00.0
port  7 : external   NA         1c06u17cn3.cluster.bar3.scaleops.intel.com 0000:9b:00.0
port  8 : internal   UP         1c06u17cn3.cluster.bar3.scaleops.intel.com 0000:9b:00.0
port  9 : internal   UP         1c06u17cn3.cluster.bar3.scaleops.intel.com 0000:9b:00.0
port 10 : internal   UP         1c06u17cn3.cluster.bar3.scaleops.intel.com 0000:9b:00.0
port 11 : internal   UP         1c06u17cn3.cluster.bar3.scaleops.intel.com 0000:9b:00.0
port 12 : internal   UP         1c06u17cn3.cluster.bar3.scaleops.intel.com 0000:9b:00.0
port 13 : internal   UP         1c06u17cn3.cluster.bar3.scaleops.intel.com 0000:9b:00.0
port 14 : internal   UP         1c06u17cn3.cluster.bar3.scaleops.intel.com 0000:9b:00.0
port 15 : internal   UP         1c06u17cn3.cluster.bar3.scaleops.intel.com 0000:9b:00.0
port 16 : internal   UP         1c06u17cn3.cluster.bar3.scaleops.intel.com 0000:9b:00.0
port 17 : internal   UP         1c06u17cn3.cluster.bar3.scaleops.intel.com 0000:9b:00.0
port 18 : internal   UP         1c06u17cn3.cluster.bar3.scaleops.intel.com 0000:9b:00.0
port 19 : internal   UP         1c06u17cn3.cluster.bar3.scaleops.intel.com 0000:9b:00.0
port 20 : internal   UP         1c06u17cn3.cluster.bar3.scaleops.intel.com 0000:9b:00.0
port 21 : internal   UP         1c06u17cn3.cluster.bar3.scaleops.intel.com 0000:9b:00.0
port 22 : internal   UP         1c06u17cn3.cluster.bar3.scaleops.intel.com 0000:9b:00.0
port 23 : internal   UP         1c06u17cn3.cluster.bar3.scaleops.intel.com 0000:9b:00.0
port  0 : internal   UP         1c06u17cn3.cluster.bar3.scaleops.intel.com 0000:bb:00.0
port  1 : internal   UP         1c06u17cn3.cluster.bar3.scaleops.intel.com 0000:bb:00.0
port  2 : internal   UP         1c06u17cn3.cluster.bar3.scaleops.intel.com 0000:bb:00.0
port  3 : internal   UP         1c06u17cn3.cluster.bar3.scaleops.intel.com 0000:bb:00.0
port  4 : internal   UP         1c06u17cn3.cluster.bar3.scaleops.intel.com 0000:bb:00.0
port  5 : internal   UP         1c06u17cn3.cluster.bar3.scaleops.intel.com 0000:bb:00.0
port  6 : internal   UP         1c06u17cn3.cluster.bar3.scaleops.intel.com 0000:bb:00.0
port  7 : internal   UP         1c06u17cn3.cluster.bar3.scaleops.intel.com 0000:bb:00.0
port  8 : internal   UP         1c06u17cn3.cluster.bar3.scaleops.intel.com 0000:bb:00.0
port  9 : internal   UP         1c06u17cn3.cluster.bar3.scaleops.intel.com 0000:bb:00.0
port 10 : internal   UP         1c06u17cn3.cluster.bar3.scaleops.intel.com 0000:bb:00.0
port 11 : internal   UP         1c06u17cn3.cluster.bar3.scaleops.intel.com 0000:bb:00.0
port 12 : internal   UP         1c06u17cn3.cluster.bar3.scaleops.intel.com 0000:bb:00.0
port 13 : internal   UP         1c06u17cn3.cluster.bar3.scaleops.intel.com 0000:bb:00.0
port 14 : external   NA         1c06u17cn3.cluster.bar3.scaleops.intel.com 0000:bb:00.0
port 15 : external   NA         1c06u17cn3.cluster.bar3.scaleops.intel.com 0000:bb:00.0
port 16 : internal   UP         1c06u17cn3.cluster.bar3.scaleops.intel.com 0000:bb:00.0
port 17 : internal   UP         1c06u17cn3.cluster.bar3.scaleops.intel.com 0000:bb:00.0
port 18 : internal   UP         1c06u17cn3.cluster.bar3.scaleops.intel.com 0000:bb:00.0
port 19 : external   NA         1c06u17cn3.cluster.bar3.scaleops.intel.com 0000:bb:00.0
port 20 : internal   UP         1c06u17cn3.cluster.bar3.scaleops.intel.com 0000:bb:00.0
port 21 : internal   UP         1c06u17cn3.cluster.bar3.scaleops.intel.com 0000:bb:00.0
port 22 : internal   UP         1c06u17cn3.cluster.bar3.scaleops.intel.com 0000:bb:00.0
port 23 : internal   UP         1c06u17cn3.cluster.bar3.scaleops.intel.com 0000:bb:00.0
port  0 : internal   UP         1c06u17cn3.cluster.bar3.scaleops.intel.com 0000:cb:00.0
port  1 : internal   UP         1c06u17cn3.cluster.bar3.scaleops.intel.com 0000:cb:00.0
port  2 : external   NA         1c06u17cn3.cluster.bar3.scaleops.intel.com 0000:cb:00.0
port  3 : external   NA         1c06u17cn3.cluster.bar3.scaleops.intel.com 0000:cb:00.0
port  4 : internal   UP         1c06u17cn3.cluster.bar3.scaleops.intel.com 0000:cb:00.0
port  5 : internal   UP         1c06u17cn3.cluster.bar3.scaleops.intel.com 0000:cb:00.0
port  6 : internal   UP         1c06u17cn3.cluster.bar3.scaleops.intel.com 0000:cb:00.0
port  7 : external   NA         1c06u17cn3.cluster.bar3.scaleops.intel.com 0000:cb:00.0
port  8 : internal   UP         1c06u17cn3.cluster.bar3.scaleops.intel.com 0000:cb:00.0
port  9 : internal   UP         1c06u17cn3.cluster.bar3.scaleops.intel.com 0000:cb:00.0
port 10 : internal   UP         1c06u17cn3.cluster.bar3.scaleops.intel.com 0000:cb:00.0
port 11 : internal   UP         1c06u17cn3.cluster.bar3.scaleops.intel.com 0000:cb:00.0
port 12 : internal   UP         1c06u17cn3.cluster.bar3.scaleops.intel.com 0000:cb:00.0
port 13 : internal   UP         1c06u17cn3.cluster.bar3.scaleops.intel.com 0000:cb:00.0
port 14 : internal   UP         1c06u17cn3.cluster.bar3.scaleops.intel.com 0000:cb:00.0
port 15 : internal   UP         1c06u17cn3.cluster.bar3.scaleops.intel.com 0000:cb:00.0
port 16 : internal   UP         1c06u17cn3.cluster.bar3.scaleops.intel.com 0000:cb:00.0
port 17 : internal   UP         1c06u17cn3.cluster.bar3.scaleops.intel.com 0000:cb:00.0
port 18 : internal   UP         1c06u17cn3.cluster.bar3.scaleops.intel.com 0000:cb:00.0
port 19 : internal   UP         1c06u17cn3.cluster.bar3.scaleops.intel.com 0000:cb:00.0
port 20 : internal   UP         1c06u17cn3.cluster.bar3.scaleops.intel.com 0000:cb:00.0
port 21 : internal   UP         1c06u17cn3.cluster.bar3.scaleops.intel.com 0000:cb:00.0
port 22 : internal   UP         1c06u17cn3.cluster.bar3.scaleops.intel.com 0000:cb:00.0
port 23 : internal   UP         1c06u17cn3.cluster.bar3.scaleops.intel.com 0000:cb:00.0
port  0 : internal   UP         1c06u17cn3.cluster.bar3.scaleops.intel.com 0000:db:00.0
port  1 : internal   UP         1c06u17cn3.cluster.bar3.scaleops.intel.com 0000:db:00.0
port  2 : internal   UP         1c06u17cn3.cluster.bar3.scaleops.intel.com 0000:db:00.0
port  3 : internal   UP         1c06u17cn3.cluster.bar3.scaleops.intel.com 0000:db:00.0
port  4 : internal   UP         1c06u17cn3.cluster.bar3.scaleops.intel.com 0000:db:00.0
port  5 : internal   UP         1c06u17cn3.cluster.bar3.scaleops.intel.com 0000:db:00.0
port  6 : internal   UP         1c06u17cn3.cluster.bar3.scaleops.intel.com 0000:db:00.0
port  7 : internal   UP         1c06u17cn3.cluster.bar3.scaleops.intel.com 0000:db:00.0
port  8 : internal   UP         1c06u17cn3.cluster.bar3.scaleops.intel.com 0000:db:00.0
port  9 : internal   UP         1c06u17cn3.cluster.bar3.scaleops.intel.com 0000:db:00.0
port 10 : internal   UP         1c06u17cn3.cluster.bar3.scaleops.intel.com 0000:db:00.0
port 11 : internal   UP         1c06u17cn3.cluster.bar3.scaleops.intel.com 0000:db:00.0
port 12 : internal   UP         1c06u17cn3.cluster.bar3.scaleops.intel.com 0000:db:00.0
port 13 : internal   UP         1c06u17cn3.cluster.bar3.scaleops.intel.com 0000:db:00.0
port 14 : external   NA         1c06u17cn3.cluster.bar3.scaleops.intel.com 0000:db:00.0
port 15 : external   NA         1c06u17cn3.cluster.bar3.scaleops.intel.com 0000:db:00.0
port 16 : internal   UP         1c06u17cn3.cluster.bar3.scaleops.intel.com 0000:db:00.0
port 17 : internal   UP         1c06u17cn3.cluster.bar3.scaleops.intel.com 0000:db:00.0
port 18 : internal   UP         1c06u17cn3.cluster.bar3.scaleops.intel.com 0000:db:00.0
port 19 : external   NA         1c06u17cn3.cluster.bar3.scaleops.intel.com 0000:db:00.0
port 20 : internal   UP         1c06u17cn3.cluster.bar3.scaleops.intel.com 0000:db:00.0
port 21 : internal   UP         1c06u17cn3.cluster.bar3.scaleops.intel.com 0000:db:00.0
port 22 : internal   UP         1c06u17cn3.cluster.bar3.scaleops.intel.com 0000:db:00.0
port 23 : internal   UP         1c06u17cn3.cluster.bar3.scaleops.intel.com 0000:db:00.0
1c06u17cn3.cluster.bar3.scaleops.intel.com: 
10.20.78.1: port  0 : internal   UP         1c08u17cn3.cluster.bar3.scaleops.intel.com 0000:19:00.0
port  1 : internal   UP         1c08u17cn3.cluster.bar3.scaleops.intel.com 0000:19:00.0
port  2 : internal   UP         1c08u17cn3.cluster.bar3.scaleops.intel.com 0000:19:00.0
port  3 : internal   UP         1c08u17cn3.cluster.bar3.scaleops.intel.com 0000:19:00.0
port  4 : internal   UP         1c08u17cn3.cluster.bar3.scaleops.intel.com 0000:19:00.0
port  5 : internal   UP         1c08u17cn3.cluster.bar3.scaleops.intel.com 0000:19:00.0
port  6 : internal   UP         1c08u17cn3.cluster.bar3.scaleops.intel.com 0000:19:00.0
port  7 : internal   UP         1c08u17cn3.cluster.bar3.scaleops.intel.com 0000:19:00.0
port  8 : internal   UP         1c08u17cn3.cluster.bar3.scaleops.intel.com 0000:19:00.0
port  9 : internal   UP         1c08u17cn3.cluster.bar3.scaleops.intel.com 0000:19:00.0
port 10 : internal   UP         1c08u17cn3.cluster.bar3.scaleops.intel.com 0000:19:00.0
port 11 : internal   UP         1c08u17cn3.cluster.bar3.scaleops.intel.com 0000:19:00.0
port 12 : internal   UP         1c08u17cn3.cluster.bar3.scaleops.intel.com 0000:19:00.0
port 13 : internal   UP         1c08u17cn3.cluster.bar3.scaleops.intel.com 0000:19:00.0
port 14 : internal   UP         1c08u17cn3.cluster.bar3.scaleops.intel.com 0000:19:00.0
port 15 : internal   UP         1c08u17cn3.cluster.bar3.scaleops.intel.com 0000:19:00.0
port 16 : internal   UP         1c08u17cn3.cluster.bar3.scaleops.intel.com 0000:19:00.0
port 17 : external   NA         1c08u17cn3.cluster.bar3.scaleops.intel.com 0000:19:00.0
port 18 : internal   UP         1c08u17cn3.cluster.bar3.scaleops.intel.com 0000:19:00.0
port 19 : internal   UP         1c08u17cn3.cluster.bar3.scaleops.intel.com 0000:19:00.0
port 20 : external   NA         1c08u17cn3.cluster.bar3.scaleops.intel.com 0000:19:00.0
port 21 : external   NA         1c08u17cn3.cluster.bar3.scaleops.intel.com 0000:19:00.0
port 22 : internal   UP         1c08u17cn3.cluster.bar3.scaleops.intel.com 0000:19:00.0
port 23 : internal   UP         1c08u17cn3.cluster.bar3.scaleops.intel.com 0000:19:00.0
port  0 : internal   UP         1c08u17cn3.cluster.bar3.scaleops.intel.com 0000:3b:00.0
port  1 : internal   UP         1c08u17cn3.cluster.bar3.scaleops.intel.com 0000:3b:00.0
port  2 : internal   UP         1c08u17cn3.cluster.bar3.scaleops.intel.com 0000:3b:00.0
port  3 : internal   UP         1c08u17cn3.cluster.bar3.scaleops.intel.com 0000:3b:00.0
port  4 : internal   UP         1c08u17cn3.cluster.bar3.scaleops.intel.com 0000:3b:00.0
port  5 : external   NA         1c08u17cn3.cluster.bar3.scaleops.intel.com 0000:3b:00.0
port  6 : internal   UP         1c08u17cn3.cluster.bar3.scaleops.intel.com 0000:3b:00.0
port  7 : internal   UP         1c08u17cn3.cluster.bar3.scaleops.intel.com 0000:3b:00.0
port  8 : external   NA         1c08u17cn3.cluster.bar3.scaleops.intel.com 0000:3b:00.0
port  9 : external   NA         1c08u17cn3.cluster.bar3.scaleops.intel.com 0000:3b:00.0
port 10 : internal   UP         1c08u17cn3.cluster.bar3.scaleops.intel.com 0000:3b:00.0
port 11 : internal   UP         1c08u17cn3.cluster.bar3.scaleops.intel.com 0000:3b:00.0
port 12 : internal   UP         1c08u17cn3.cluster.bar3.scaleops.intel.com 0000:3b:00.0
port 13 : internal   UP         1c08u17cn3.cluster.bar3.scaleops.intel.com 0000:3b:00.0
port 14 : internal   UP         1c08u17cn3.cluster.bar3.scaleops.intel.com 0000:3b:00.0
port 15 : internal   UP         1c08u17cn3.cluster.bar3.scaleops.intel.com 0000:3b:00.0
port 16 : internal   UP         1c08u17cn3.cluster.bar3.scaleops.intel.com 0000:3b:00.0
port 17 : internal   UP         1c08u17cn3.cluster.bar3.scaleops.intel.com 0000:3b:00.0
port 18 : internal   UP         1c08u17cn3.cluster.bar3.scaleops.intel.com 0000:3b:00.0
port 19 : internal   UP         1c08u17cn3.cluster.bar3.scaleops.intel.com 0000:3b:00.0
port 20 : internal   UP         1c08u17cn3.cluster.bar3.scaleops.intel.com 0000:3b:00.0
port 21 : internal   UP         1c08u17cn3.cluster.bar3.scaleops.intel.com 0000:3b:00.0
port 22 : internal   UP         1c08u17cn3.cluster.bar3.scaleops.intel.com 0000:3b:00.0
port 23 : internal   UP         1c08u17cn3.cluster.bar3.scaleops.intel.com 0000:3b:00.0
port  0 : internal   UP         1c08u17cn3.cluster.bar3.scaleops.intel.com 0000:4c:00.0
port  1 : internal   UP         1c08u17cn3.cluster.bar3.scaleops.intel.com 0000:4c:00.0
port  2 : internal   UP         1c08u17cn3.cluster.bar3.scaleops.intel.com 0000:4c:00.0
port  3 : internal   UP         1c08u17cn3.cluster.bar3.scaleops.intel.com 0000:4c:00.0
port  4 : internal   UP         1c08u17cn3.cluster.bar3.scaleops.intel.com 0000:4c:00.0
port  5 : internal   UP         1c08u17cn3.cluster.bar3.scaleops.intel.com 0000:4c:00.0
port  6 : internal   UP         1c08u17cn3.cluster.bar3.scaleops.intel.com 0000:4c:00.0
port  7 : internal   UP         1c08u17cn3.cluster.bar3.scaleops.intel.com 0000:4c:00.0
port  8 : internal   UP         1c08u17cn3.cluster.bar3.scaleops.intel.com 0000:4c:00.0
port  9 : internal   UP         1c08u17cn3.cluster.bar3.scaleops.intel.com 0000:4c:00.0
port 10 : internal   UP         1c08u17cn3.cluster.bar3.scaleops.intel.com 0000:4c:00.0
port 11 : internal   UP         1c08u17cn3.cluster.bar3.scaleops.intel.com 0000:4c:00.0
port 12 : internal   UP         1c08u17cn3.cluster.bar3.scaleops.intel.com 0000:4c:00.0
port 13 : internal   UP         1c08u17cn3.cluster.bar3.scaleops.intel.com 0000:4c:00.0
port 14 : internal   UP         1c08u17cn3.cluster.bar3.scaleops.intel.com 0000:4c:00.0
port 15 : internal   UP         1c08u17cn3.cluster.bar3.scaleops.intel.com 0000:4c:00.0
port 16 : internal   UP         1c08u17cn3.cluster.bar3.scaleops.intel.com 0000:4c:00.0
port 17 : external   NA         1c08u17cn3.cluster.bar3.scaleops.intel.com 0000:4c:00.0
port 18 : internal   UP         1c08u17cn3.cluster.bar3.scaleops.intel.com 0000:4c:00.0
port 19 : internal   UP         1c08u17cn3.cluster.bar3.scaleops.intel.com 0000:4c:00.0
port 20 : external   NA         1c08u17cn3.cluster.bar3.scaleops.intel.com 0000:4c:00.0
port 21 : external   NA         1c08u17cn3.cluster.bar3.scaleops.intel.com 0000:4c:00.0
port 22 : internal   UP         1c08u17cn3.cluster.bar3.scaleops.intel.com 0000:4c:00.0
port 23 : internal   UP         1c08u17cn3.cluster.bar3.scaleops.intel.com 0000:4c:00.0
port  0 : internal   UP         1c08u17cn3.cluster.bar3.scaleops.intel.com 0000:5d:00.0
port  1 : internal   UP         1c08u17cn3.cluster.bar3.scaleops.intel.com 0000:5d:00.0
port  2 : internal   UP         1c08u17cn3.cluster.bar3.scaleops.intel.com 0000:5d:00.0
port  3 : internal   UP         1c08u17cn3.cluster.bar3.scaleops.intel.com 0000:5d:00.0
port  4 : internal   UP         1c08u17cn3.cluster.bar3.scaleops.intel.com 0000:5d:00.0
port  5 : external   NA         1c08u17cn3.cluster.bar3.scaleops.intel.com 0000:5d:00.0
port  6 : internal   UP         1c08u17cn3.cluster.bar3.scaleops.intel.com 0000:5d:00.0
port  7 : internal   UP         1c08u17cn3.cluster.bar3.scaleops.intel.com 0000:5d:00.0
port  8 : external   NA         1c08u17cn3.cluster.bar3.scaleops.intel.com 0000:5d:00.0
port  9 : external   NA         1c08u17cn3.cluster.bar3.scaleops.intel.com 0000:5d:00.0
port 10 : internal   UP         1c08u17cn3.cluster.bar3.scaleops.intel.com 0000:5d:00.0
port 11 : internal   UP         1c08u17cn3.cluster.bar3.scaleops.intel.com 0000:5d:00.0
port 12 : internal   UP         1c08u17cn3.cluster.bar3.scaleops.intel.com 0000:5d:00.0
port 13 : internal   UP         1c08u17cn3.cluster.bar3.scaleops.intel.com 0000:5d:00.0
port 14 : internal   UP         1c08u17cn3.cluster.bar3.scaleops.intel.com 0000:5d:00.0
port 15 : internal   UP         1c08u17cn3.cluster.bar3.scaleops.intel.com 0000:5d:00.0
port 16 : internal   UP         1c08u17cn3.cluster.bar3.scaleops.intel.com 0000:5d:00.0
port 17 : internal   UP         1c08u17cn3.cluster.bar3.scaleops.intel.com 0000:5d:00.0
port 18 : internal   UP         1c08u17cn3.cluster.bar3.scaleops.intel.com 0000:5d:00.0
port 19 : internal   UP         1c08u17cn3.cluster.bar3.scaleops.intel.com 0000:5d:00.0
port 20 : internal   UP         1c08u17cn3.cluster.bar3.scaleops.intel.com 0000:5d:00.0
port 21 : internal   UP         1c08u17cn3.cluster.bar3.scaleops.intel.com 0000:5d:00.0
port 22 : internal   UP         1c08u17cn3.cluster.bar3.scaleops.intel.com 0000:5d:00.0
port 23 : internal   UP         1c08u17cn3.cluster.bar3.scaleops.intel.com 0000:5d:00.0
port  0 : internal   UP         1c08u17cn3.cluster.bar3.scaleops.intel.com 0000:9b:00.0
port  1 : internal   UP         1c08u17cn3.cluster.bar3.scaleops.intel.com 0000:9b:00.0
port  2 : external   NA         1c08u17cn3.cluster.bar3.scaleops.intel.com 0000:9b:00.0
port  3 : external   NA         1c08u17cn3.cluster.bar3.scaleops.intel.com 0000:9b:00.0
port  4 : internal   UP         1c08u17cn3.cluster.bar3.scaleops.intel.com 0000:9b:00.0
port  5 : internal   UP         1c08u17cn3.cluster.bar3.scaleops.intel.com 0000:9b:00.0
port  6 : internal   UP         1c08u17cn3.cluster.bar3.scaleops.intel.com 0000:9b:00.0
port  7 : external   NA         1c08u17cn3.cluster.bar3.scaleops.intel.com 0000:9b:00.0
port  8 : internal   UP         1c08u17cn3.cluster.bar3.scaleops.intel.com 0000:9b:00.0
port  9 : internal   UP         1c08u17cn3.cluster.bar3.scaleops.intel.com 0000:9b:00.0
port 10 : internal   UP         1c08u17cn3.cluster.bar3.scaleops.intel.com 0000:9b:00.0
port 11 : internal   UP         1c08u17cn3.cluster.bar3.scaleops.intel.com 0000:9b:00.0
port 12 : internal   UP         1c08u17cn3.cluster.bar3.scaleops.intel.com 0000:9b:00.0
port 13 : internal   UP         1c08u17cn3.cluster.bar3.scaleops.intel.com 0000:9b:00.0
port 14 : internal   UP         1c08u17cn3.cluster.bar3.scaleops.intel.com 0000:9b:00.0
port 15 : internal   UP         1c08u17cn3.cluster.bar3.scaleops.intel.com 0000:9b:00.0
port 16 : internal   UP         1c08u17cn3.cluster.bar3.scaleops.intel.com 0000:9b:00.0
port 17 : internal   UP         1c08u17cn3.cluster.bar3.scaleops.intel.com 0000:9b:00.0
port 18 : internal   UP         1c08u17cn3.cluster.bar3.scaleops.intel.com 0000:9b:00.0
port 19 : internal   UP         1c08u17cn3.cluster.bar3.scaleops.intel.com 0000:9b:00.0
port 20 : internal   UP         1c08u17cn3.cluster.bar3.scaleops.intel.com 0000:9b:00.0
port 21 : internal   UP         1c08u17cn3.cluster.bar3.scaleops.intel.com 0000:9b:00.0
port 22 : internal   UP         1c08u17cn3.cluster.bar3.scaleops.intel.com 0000:9b:00.0
port 23 : internal   UP         1c08u17cn3.cluster.bar3.scaleops.intel.com 0000:9b:00.0
port  0 : internal   UP         1c08u17cn3.cluster.bar3.scaleops.intel.com 0000:bb:00.0
port  1 : internal   UP         1c08u17cn3.cluster.bar3.scaleops.intel.com 0000:bb:00.0
port  2 : internal   UP         1c08u17cn3.cluster.bar3.scaleops.intel.com 0000:bb:00.0
port  3 : internal   UP         1c08u17cn3.cluster.bar3.scaleops.intel.com 0000:bb:00.0
port  4 : internal   UP         1c08u17cn3.cluster.bar3.scaleops.intel.com 0000:bb:00.0
port  5 : internal   UP         1c08u17cn3.cluster.bar3.scaleops.intel.com 0000:bb:00.0
port  6 : internal   UP         1c08u17cn3.cluster.bar3.scaleops.intel.com 0000:bb:00.0
port  7 : internal   UP         1c08u17cn3.cluster.bar3.scaleops.intel.com 0000:bb:00.0
port  8 : internal   UP         1c08u17cn3.cluster.bar3.scaleops.intel.com 0000:bb:00.0
port  9 : internal   UP         1c08u17cn3.cluster.bar3.scaleops.intel.com 0000:bb:00.0
port 10 : internal   UP         1c08u17cn3.cluster.bar3.scaleops.intel.com 0000:bb:00.0
port 11 : internal   UP         1c08u17cn3.cluster.bar3.scaleops.intel.com 0000:bb:00.0
port 12 : internal   UP         1c08u17cn3.cluster.bar3.scaleops.intel.com 0000:bb:00.0
port 13 : internal   UP         1c08u17cn3.cluster.bar3.scaleops.intel.com 0000:bb:00.0
port 14 : external   NA         1c08u17cn3.cluster.bar3.scaleops.intel.com 0000:bb:00.0
port 15 : external   NA         1c08u17cn3.cluster.bar3.scaleops.intel.com 0000:bb:00.0
port 16 : internal   UP         1c08u17cn3.cluster.bar3.scaleops.intel.com 0000:bb:00.0
port 17 : internal   UP         1c08u17cn3.cluster.bar3.scaleops.intel.com 0000:bb:00.0
port 18 : internal   UP         1c08u17cn3.cluster.bar3.scaleops.intel.com 0000:bb:00.0
port 19 : external   NA         1c08u17cn3.cluster.bar3.scaleops.intel.com 0000:bb:00.0
port 20 : internal   UP         1c08u17cn3.cluster.bar3.scaleops.intel.com 0000:bb:00.0
port 21 : internal   UP         1c08u17cn3.cluster.bar3.scaleops.intel.com 0000:bb:00.0
port 22 : internal   UP         1c08u17cn3.cluster.bar3.scaleops.intel.com 0000:bb:00.0
port 23 : internal   UP         1c08u17cn3.cluster.bar3.scaleops.intel.com 0000:bb:00.0
port  0 : internal   UP         1c08u17cn3.cluster.bar3.scaleops.intel.com 0000:cb:00.0
port  1 : internal   UP         1c08u17cn3.cluster.bar3.scaleops.intel.com 0000:cb:00.0
port  2 : external   NA         1c08u17cn3.cluster.bar3.scaleops.intel.com 0000:cb:00.0
port  3 : external   NA         1c08u17cn3.cluster.bar3.scaleops.intel.com 0000:cb:00.0
port  4 : internal   UP         1c08u17cn3.cluster.bar3.scaleops.intel.com 0000:cb:00.0
port  5 : internal   UP         1c08u17cn3.cluster.bar3.scaleops.intel.com 0000:cb:00.0
port  6 : internal   UP         1c08u17cn3.cluster.bar3.scaleops.intel.com 0000:cb:00.0
port  7 : external   NA         1c08u17cn3.cluster.bar3.scaleops.intel.com 0000:cb:00.0
port  8 : internal   UP         1c08u17cn3.cluster.bar3.scaleops.intel.com 0000:cb:00.0
port  9 : internal   UP         1c08u17cn3.cluster.bar3.scaleops.intel.com 0000:cb:00.0
port 10 : internal   UP         1c08u17cn3.cluster.bar3.scaleops.intel.com 0000:cb:00.0
port 11 : internal   UP         1c08u17cn3.cluster.bar3.scaleops.intel.com 0000:cb:00.0
port 12 : internal   UP         1c08u17cn3.cluster.bar3.scaleops.intel.com 0000:cb:00.0
port 13 : internal   UP         1c08u17cn3.cluster.bar3.scaleops.intel.com 0000:cb:00.0
port 14 : internal   UP         1c08u17cn3.cluster.bar3.scaleops.intel.com 0000:cb:00.0
port 15 : internal   UP         1c08u17cn3.cluster.bar3.scaleops.intel.com 0000:cb:00.0
port 16 : internal   UP         1c08u17cn3.cluster.bar3.scaleops.intel.com 0000:cb:00.0
port 17 : internal   UP         1c08u17cn3.cluster.bar3.scaleops.intel.com 0000:cb:00.0
port 18 : internal   UP         1c08u17cn3.cluster.bar3.scaleops.intel.com 0000:cb:00.0
port 19 : internal   UP         1c08u17cn3.cluster.bar3.scaleops.intel.com 0000:cb:00.0
port 20 : internal   UP         1c08u17cn3.cluster.bar3.scaleops.intel.com 0000:cb:00.0
port 21 : internal   UP         1c08u17cn3.cluster.bar3.scaleops.intel.com 0000:cb:00.0
port 22 : internal   UP         1c08u17cn3.cluster.bar3.scaleops.intel.com 0000:cb:00.0
port 23 : internal   UP         1c08u17cn3.cluster.bar3.scaleops.intel.com 0000:cb:00.0
port  0 : internal   UP         1c08u17cn3.cluster.bar3.scaleops.intel.com 0000:db:00.0
port  1 : internal   UP         1c08u17cn3.cluster.bar3.scaleops.intel.com 0000:db:00.0
port  2 : internal   UP         1c08u17cn3.cluster.bar3.scaleops.intel.com 0000:db:00.0
port  3 : internal   UP         1c08u17cn3.cluster.bar3.scaleops.intel.com 0000:db:00.0
port  4 : internal   UP         1c08u17cn3.cluster.bar3.scaleops.intel.com 0000:db:00.0
port  5 : internal   UP         1c08u17cn3.cluster.bar3.scaleops.intel.com 0000:db:00.0
port  6 : internal   UP         1c08u17cn3.cluster.bar3.scaleops.intel.com 0000:db:00.0
port  7 : internal   UP         1c08u17cn3.cluster.bar3.scaleops.intel.com 0000:db:00.0
port  8 : internal   UP         1c08u17cn3.cluster.bar3.scaleops.intel.com 0000:db:00.0
port  9 : internal   UP         1c08u17cn3.cluster.bar3.scaleops.intel.com 0000:db:00.0
port 10 : internal   UP         1c08u17cn3.cluster.bar3.scaleops.intel.com 0000:db:00.0
port 11 : internal   UP         1c08u17cn3.cluster.bar3.scaleops.intel.com 0000:db:00.0
port 12 : internal   UP         1c08u17cn3.cluster.bar3.scaleops.intel.com 0000:db:00.0
port 13 : internal   UP         1c08u17cn3.cluster.bar3.scaleops.intel.com 0000:db:00.0
port 14 : external   NA         1c08u17cn3.cluster.bar3.scaleops.intel.com 0000:db:00.0
port 15 : external   NA         1c08u17cn3.cluster.bar3.scaleops.intel.com 0000:db:00.0
port 16 : internal   UP         1c08u17cn3.cluster.bar3.scaleops.intel.com 0000:db:00.0
port 17 : internal   UP         1c08u17cn3.cluster.bar3.scaleops.intel.com 0000:db:00.0
port 18 : internal   UP         1c08u17cn3.cluster.bar3.scaleops.intel.com 0000:db:00.0
port 19 : external   NA         1c08u17cn3.cluster.bar3.scaleops.intel.com 0000:db:00.0
port 20 : internal   UP         1c08u17cn3.cluster.bar3.scaleops.intel.com 0000:db:00.0
port 21 : internal   UP         1c08u17cn3.cluster.bar3.scaleops.intel.com 0000:db:00.0
port 22 : internal   UP         1c08u17cn3.cluster.bar3.scaleops.intel.com 0000:db:00.0
port 23 : internal   UP         1c08u17cn3.cluster.bar3.scaleops.intel.com 0000:db:00.0
1c08u17cn3.cluster.bar3.scaleops.intel.com: 
